{"/Users/lisheng/Desktop/开源/webpack-starter-vue-lib/src/Message.vue": {"path":"/Users/lisheng/Desktop/开源/webpack-starter-vue-lib/src/Message.vue","statementMap":{"0":{"start":{"line":1,"column":1},"end":{"line":17,"column":4}},"1":{"start":{"line":4,"column":0},"end":{"line":6,"column":3}},"2":{"start":{"line":7,"column":0},"end":{"line":7,"column":25}},"3":{"start":{"line":12,"column":15},"end":{"line":15,"column":1}},"4":{"start":{"line":16,"column":0},"end":{"line":16,"column":27}},"5":{"start":{"line":18,"column":20},"end":{"line":18,"column":89}},"6":{"start":{"line":18,"column":114},"end":{"line":18,"column":187}},"7":{"start":{"line":19,"column":0},"end":{"line":19,"column":151}},"8":{"start":{"line":19,"column":54},"end":{"line":19,"column":58}},"9":{"start":{"line":19,"column":66},"end":{"line":19,"column":84}},"10":{"start":{"line":19,"column":92},"end":{"line":19,"column":108}},"11":{"start":{"line":19,"column":109},"end":{"line":19,"column":150}},"12":{"start":{"line":20,"column":0},"end":{"line":20,"column":37}}},"fnMap":{"0":{"name":"(anonymous_0)","decl":{"start":{"line":1,"column":2},"end":{"line":1,"column":3}},"loc":{"start":{"line":1,"column":12},"end":{"line":17,"column":1}},"line":1},"1":{"name":"render","decl":{"start":{"line":19,"column":35},"end":{"line":19,"column":41}},"loc":{"start":{"line":19,"column":45},"end":{"line":19,"column":151}},"line":19}},"branchMap":{"0":{"loc":{"start":{"line":18,"column":20},"end":{"line":18,"column":89}},"type":"cond-expr","locations":[{"start":{"line":18,"column":50},"end":{"line":18,"column":72}},{"start":{"line":18,"column":75},"end":{"line":18,"column":89}}],"line":18},"1":{"loc":{"start":{"line":18,"column":114},"end":{"line":18,"column":187}},"type":"cond-expr","locations":[{"start":{"line":18,"column":151},"end":{"line":18,"column":172}},{"start":{"line":18,"column":174},"end":{"line":18,"column":187}}],"line":18},"2":{"loc":{"start":{"line":19,"column":92},"end":{"line":19,"column":108}},"type":"binary-expr","locations":[{"start":{"line":19,"column":92},"end":{"line":19,"column":104}},{"start":{"line":19,"column":106},"end":{"line":19,"column":108}}],"line":19}},"s":{"0":1,"1":1,"2":1,"3":1,"4":1,"5":1,"6":1,"7":1,"8":1,"9":1,"10":1,"11":1,"12":1},"f":{"0":1,"1":1},"b":{"0":[1,0],"1":[0,1],"2":[1,0]},"_coverageSchema":"43e27e138ebf9cfc5966b082cf9a028302ed4184","hash":"4f59ee3f6d20c8e17bebb09e6050a1df809e2e5a"}
,"/Users/lisheng/Desktop/开源/webpack-starter-vue-lib/utils/sum.js": {"path":"/Users/lisheng/Desktop/开源/webpack-starter-vue-lib/utils/sum.js","statementMap":{"0":{"start":{"line":1,"column":19},"end":{"line":3,"column":1}},"1":{"start":{"line":2,"column":2},"end":{"line":2,"column":14}}},"fnMap":{"0":{"name":"(anonymous_0)","decl":{"start":{"line":1,"column":19},"end":{"line":1,"column":20}},"loc":{"start":{"line":1,"column":28},"end":{"line":3,"column":1}},"line":1}},"branchMap":{},"s":{"0":1,"1":1},"f":{"0":1},"b":{},"_coverageSchema":"43e27e138ebf9cfc5966b082cf9a028302ed4184","hash":"9110d9721f2f73d70f8f4e3716dfdeec644b3e21"}
}
