TN:
SF:/Users/lisheng/Desktop/开源/webpack-starter-vue-lib/src/Message.vue
FN:1,(anonymous_0)
FN:19,render
FNF:2
FNH:2
FNDA:1,(anonymous_0)
FNDA:1,render
DA:1,1
DA:4,1
DA:7,1
DA:12,1
DA:16,1
DA:18,1
DA:19,1
DA:20,1
LF:8
LH:8
BRDA:18,0,0,1
BRDA:18,0,1,0
BRDA:18,1,0,0
BRDA:18,1,1,1
BRDA:19,2,0,1
BRDA:19,2,1,0
BRF:6
BRH:3
end_of_record
TN:
SF:/Users/lisheng/Desktop/开源/webpack-starter-vue-lib/utils/sum.js
FN:1,(anonymous_0)
FNF:1
FNH:1
FNDA:1,(anonymous_0)
DA:1,1
DA:2,1
LF:2
LH:2
BRF:0
BRH:0
end_of_record
